Using pre-set license
Built from '2020.3/staging' branch; Version is '2020.3.18f1 (a7d1c678663c) revision 10998214'; Using compiler version '192528614'; Build Type 'Release'
OS: 'Windows 10 Pro; OS build 19043.1165; Version 2009; 64bit' Language: 'de' Physical Memory: 16317 MB
BatchMode: 1, IsHumanControllingUs: 0, StartBugReporterOnCrash: 0, Is64bit: 1, IsPro: 0

COMMAND LINE ARGUMENTS:
C:\Program Files\Unity\Hub\Editor\2020.3.18f1\Editor\Unity.exe
-adb2
-batchMode
-noUpm
-name
AssetImportWorker0
-projectPath
D:/GitHub/Neuer Ordner/IU-Game-Jam-Crucifix-2.0
-logFile
Logs/AssetImportWorker0.log
-srvPort
64895
Successfully changed project path to: D:/GitHub/Neuer Ordner/IU-Game-Jam-Crucifix-2.0
D:/GitHub/Neuer Ordner/IU-Game-Jam-Crucifix-2.0
Using Asset Import Pipeline V2.
Refreshing native plugins compatible for Editor in 56.84 ms, found 3 plugins.
Preloading 0 native plugins for Editor in 0.00 ms.
Initialize engine version: 2020.3.18f1 (a7d1c678663c)
[Subsystems] Discovering subsystems at path C:/Program Files/Unity/Hub/Editor/2020.3.18f1/Editor/Data/Resources/UnitySubsystems
[Subsystems] Discovering subsystems at path D:/GitHub/Neuer Ordner/IU-Game-Jam-Crucifix-2.0/Assets
GfxDevice: creating device client; threaded=0
Direct3D:
    Version:  Direct3D 11.0 [level 11.1]
    Renderer: NVIDIA GeForce GTX 1070 Ti (ID=0x1b82)
    Vendor:   
    VRAM:     8079 MB
    Driver:   30.0.14.7168
Initialize mono
Mono path[0] = 'C:/Program Files/Unity/Hub/Editor/2020.3.18f1/Editor/Data/Managed'
Mono path[1] = 'C:/Program Files/Unity/Hub/Editor/2020.3.18f1/Editor/Data/MonoBleedingEdge/lib/mono/unityjit'
Mono config path = 'C:/Program Files/Unity/Hub/Editor/2020.3.18f1/Editor/Data/MonoBleedingEdge/etc'
Using monoOptions --debugger-agent=transport=dt_socket,embedding=1,server=y,suspend=n,address=127.0.0.1:56768
Begin MonoManager ReloadAssembly
Registering precompiled unity dll's ...
Register platform support module: C:/Program Files/Unity/Hub/Editor/2020.3.18f1/Editor/Data/PlaybackEngines/WebGLSupport/UnityEditor.WebGL.Extensions.dll
Register platform support module: C:/Program Files/Unity/Hub/Editor/2020.3.18f1/Editor/Data/PlaybackEngines/WindowsStandaloneSupport/UnityEditor.WindowsStandalone.Extensions.dll
Registered in 0.005200 seconds.
Native extension for WindowsStandalone target not found
Native extension for WebGL target not found
Refreshing native plugins compatible for Editor in 57.43 ms, found 3 plugins.
Preloading 0 native plugins for Editor in 0.00 ms.
Mono: successfully reloaded assembly
- Completed reload, in  1.795 seconds
Domain Reload Profiling:
	ReloadAssembly (1795ms)
		BeginReloadAssembly (82ms)
			ExecutionOrderSort (0ms)
			DisableScriptedObjects (0ms)
			BackupInstance (0ms)
			ReleaseScriptingObjects (0ms)
			CreateAndSetChildDomain (1ms)
		EndReloadAssembly (589ms)
			LoadAssemblies (77ms)
			RebuildTransferFunctionScriptingTraits (0ms)
			SetupTypeCache (212ms)
			ReleaseScriptCaches (0ms)
			RebuildScriptCaches (37ms)
			SetupLoadedEditorAssemblies (235ms)
				LogAssemblyErrors (0ms)
				InitializePlatformSupportModulesInManaged (7ms)
				SetLoadedEditorAssemblies (0ms)
				RefreshPlugins (58ms)
				BeforeProcessingInitializeOnLoad (23ms)
				ProcessInitializeOnLoadAttributes (109ms)
				ProcessInitializeOnLoadMethodAttributes (38ms)
				AfterProcessingInitializeOnLoad (0ms)
				EditorAssembliesLoaded (0ms)
			ExecutionOrderSort2 (0ms)
			AwakeInstancesAfterBackupRestoration (0ms)
Platform modules already initialized, skipping
Registering precompiled user dll's ...
Registered in 0.003578 seconds.
Begin MonoManager ReloadAssembly
Native extension for WindowsStandalone target not found
Native extension for WebGL target not found
Refreshing native plugins compatible for Editor in 56.19 ms, found 3 plugins.
Preloading 0 native plugins for Editor in 0.00 ms.
Mono: successfully reloaded assembly
- Completed reload, in  1.545 seconds
Domain Reload Profiling:
	ReloadAssembly (1547ms)
		BeginReloadAssembly (199ms)
			ExecutionOrderSort (0ms)
			DisableScriptedObjects (7ms)
			BackupInstance (0ms)
			ReleaseScriptingObjects (0ms)
			CreateAndSetChildDomain (24ms)
		EndReloadAssembly (1252ms)
			LoadAssemblies (136ms)
			RebuildTransferFunctionScriptingTraits (0ms)
			SetupTypeCache (391ms)
			ReleaseScriptCaches (1ms)
			RebuildScriptCaches (62ms)
			SetupLoadedEditorAssemblies (487ms)
				LogAssemblyErrors (0ms)
				InitializePlatformSupportModulesInManaged (8ms)
				SetLoadedEditorAssemblies (0ms)
				RefreshPlugins (56ms)
				BeforeProcessingInitializeOnLoad (110ms)
				ProcessInitializeOnLoadAttributes (276ms)
				ProcessInitializeOnLoadMethodAttributes (22ms)
				AfterProcessingInitializeOnLoad (15ms)
				EditorAssembliesLoaded (0ms)
			ExecutionOrderSort2 (0ms)
			AwakeInstancesAfterBackupRestoration (10ms)
Platform modules already initialized, skipping
========================================================================
Worker process is ready to serve import requests
Launched and connected shader compiler UnityShaderCompiler.exe after 0.09 seconds
Refreshing native plugins compatible for Editor in 0.57 ms, found 3 plugins.
Preloading 0 native plugins for Editor in 0.00 ms.
Unloading 2107 Unused Serialized files (Serialized files now loaded: 0)
System memory in use before: 93.5 MB.
System memory in use after: 93.6 MB.

Unloading 26 unused Assets to reduce memory usage. Loaded Objects now: 2547.
Total: 4.030500 ms (FindLiveObjects: 0.253200 ms CreateObjectMapping: 0.062700 ms MarkObjects: 3.631000 ms  DeleteObjects: 0.082200 ms)

AssetImportParameters requested are different than current active one (requested -> active):
  custom:framework-win-MediaFoundation: 216162199b28c13a410421893ffa2e32 -> 
  custom:video-decoder-ogg-theora: a1e56fd34408186e4bbccfd4996cb3dc -> 
  custom:container-muxer-webm: aa71ff27fc2769a1b78a27578f13a17b -> 
  custom:container-demuxer-webm: 4f35f7cbe854078d1ac9338744f61a02 -> 
  custom:container-demuxer-ogg: 62fdf1f143b41e24485cea50d1cbac27 -> 
  custom:video-encoder-webm-vp8: eb34c28f22e8b96e1ab97ce403110664 -> 
  custom:video-decoder-webm-vp8: 9c59270c3fd7afecdb556c50c9e8de78 -> 
  custom:audio-decoder-ogg-vorbis: bf7c407c2cedff20999df2af8eb42d56 -> 
  custom:audio-encoder-webm-vorbis: bf7c407c2cedff20999df2af8eb42d56 -> 
========================================================================
Received Import Request.
  path: Assets/_WorkSpaces/WorkSpace_DV/Scripts/New Folder
  artifactKey: Guid(2205d0d56e10566498cbd63c99f45c0c) Importer(815301076,1909f56bfc062723c751e8b465ee728b)
Start importing Assets/_WorkSpaces/WorkSpace_DV/Scripts/New Folder using Guid(2205d0d56e10566498cbd63c99f45c0c) Importer(815301076,1909f56bfc062723c751e8b465ee728b)  -> (artifact id: 'c07272d32b78b52d6d935da29b1f7d23') in 0.012388 seconds 
  Import took 0.016213 seconds .

========================================================================
Received Import Request.
  Time since last request: 2.985905 seconds.
  path: Assets/_WorkSpaces/WorkSpace_DV/Scripts
  artifactKey: Guid(19b4770208865c94981608221e56b797) Importer(815301076,1909f56bfc062723c751e8b465ee728b)
Start importing Assets/_WorkSpaces/WorkSpace_DV/Scripts using Guid(19b4770208865c94981608221e56b797) Importer(815301076,1909f56bfc062723c751e8b465ee728b)  -> (artifact id: '528f4ec18048beddfef78527393c5ccb') in 0.008576 seconds 
  Import took 0.012514 seconds .

========================================================================
Received Import Request.
  Time since last request: 20.193943 seconds.
  path: Assets/_WorkSpaces/WorkSpace_DV/Scripts/SceneLoader.unity
  artifactKey: Guid(681a86e825842bb42b5dec45482779f7) Importer(815301076,1909f56bfc062723c751e8b465ee728b)
Start importing Assets/_WorkSpaces/WorkSpace_DV/Scripts/SceneLoader.unity using Guid(681a86e825842bb42b5dec45482779f7) Importer(815301076,1909f56bfc062723c751e8b465ee728b)  -> (artifact id: '8791046471e97391c31cdeb593125aa2') in 0.019978 seconds 
  Import took 0.023930 seconds .

========================================================================
Received Import Request.
  Time since last request: 32.831124 seconds.
  path: Assets/_WorkSpaces/WorkSpace_DV/Scripts/SceneLoader.cs
  artifactKey: Guid(6c4c2cfbc25d6294bae34e5c7affb33b) Importer(815301076,1909f56bfc062723c751e8b465ee728b)
Start importing Assets/_WorkSpaces/WorkSpace_DV/Scripts/SceneLoader.cs using Guid(6c4c2cfbc25d6294bae34e5c7affb33b) Importer(815301076,1909f56bfc062723c751e8b465ee728b)  -> (artifact id: '70ea0e145641b7e75c4582514010a3c3') in 0.031553 seconds 
  Import took 0.036137 seconds .

========================================================================
Received Prepare
Registering precompiled user dll's ...
Registered in 0.004038 seconds.
Begin MonoManager ReloadAssembly
Native extension for WindowsStandalone target not found
Native extension for WebGL target not found
Refreshing native plugins compatible for Editor in 0.64 ms, found 3 plugins.
Preloading 0 native plugins for Editor in 0.00 ms.
Mono: successfully reloaded assembly
- Completed reload, in  1.381 seconds
Domain Reload Profiling:
	ReloadAssembly (1382ms)
		BeginReloadAssembly (156ms)
			ExecutionOrderSort (0ms)
			DisableScriptedObjects (9ms)
			BackupInstance (0ms)
			ReleaseScriptingObjects (0ms)
			CreateAndSetChildDomain (48ms)
		EndReloadAssembly (1130ms)
			LoadAssemblies (126ms)
			RebuildTransferFunctionScriptingTraits (0ms)
			SetupTypeCache (396ms)
			ReleaseScriptCaches (1ms)
			RebuildScriptCaches (56ms)
			SetupLoadedEditorAssemblies (411ms)
				LogAssemblyErrors (0ms)
				InitializePlatformSupportModulesInManaged (9ms)
				SetLoadedEditorAssemblies (1ms)
				RefreshPlugins (1ms)
				BeforeProcessingInitializeOnLoad (113ms)
				ProcessInitializeOnLoadAttributes (267ms)
				ProcessInitializeOnLoadMethodAttributes (7ms)
				AfterProcessingInitializeOnLoad (15ms)
				EditorAssembliesLoaded (0ms)
			ExecutionOrderSort2 (0ms)
			AwakeInstancesAfterBackupRestoration (15ms)
Platform modules already initialized, skipping
Refreshing native plugins compatible for Editor in 0.62 ms, found 3 plugins.
Preloading 0 native plugins for Editor in 0.00 ms.
Unloading 2098 Unused Serialized files (Serialized files now loaded: 0)
System memory in use before: 93.0 MB.
System memory in use after: 93.1 MB.

Unloading 14 unused Assets to reduce memory usage. Loaded Objects now: 2551.
Total: 4.033700 ms (FindLiveObjects: 0.282400 ms CreateObjectMapping: 0.062500 ms MarkObjects: 3.663600 ms  DeleteObjects: 0.023700 ms)

AssetImportParameters requested are different than current active one (requested -> active):
  custom:framework-win-MediaFoundation: 216162199b28c13a410421893ffa2e32 -> 
  custom:video-decoder-ogg-theora: a1e56fd34408186e4bbccfd4996cb3dc -> 
  custom:container-muxer-webm: aa71ff27fc2769a1b78a27578f13a17b -> 
  custom:container-demuxer-webm: 4f35f7cbe854078d1ac9338744f61a02 -> 
  custom:container-demuxer-ogg: 62fdf1f143b41e24485cea50d1cbac27 -> 
  custom:video-encoder-webm-vp8: eb34c28f22e8b96e1ab97ce403110664 -> 
  custom:video-decoder-webm-vp8: 9c59270c3fd7afecdb556c50c9e8de78 -> 
  custom:audio-decoder-ogg-vorbis: bf7c407c2cedff20999df2af8eb42d56 -> 
  custom:audio-encoder-webm-vorbis: bf7c407c2cedff20999df2af8eb42d56 -> 
========================================================================
Received Prepare
Registering precompiled user dll's ...
Registered in 0.003417 seconds.
Begin MonoManager ReloadAssembly
Native extension for WindowsStandalone target not found
Native extension for WebGL target not found
Refreshing native plugins compatible for Editor in 0.61 ms, found 3 plugins.
Preloading 0 native plugins for Editor in 0.00 ms.
Mono: successfully reloaded assembly
- Completed reload, in  1.370 seconds
Domain Reload Profiling:
	ReloadAssembly (1371ms)
		BeginReloadAssembly (165ms)
			ExecutionOrderSort (0ms)
			DisableScriptedObjects (9ms)
			BackupInstance (0ms)
			ReleaseScriptingObjects (0ms)
			CreateAndSetChildDomain (44ms)
		EndReloadAssembly (1111ms)
			LoadAssemblies (128ms)
			RebuildTransferFunctionScriptingTraits (0ms)
			SetupTypeCache (374ms)
			ReleaseScriptCaches (1ms)
			RebuildScriptCaches (54ms)
			SetupLoadedEditorAssemblies (420ms)
				LogAssemblyErrors (0ms)
				InitializePlatformSupportModulesInManaged (8ms)
				SetLoadedEditorAssemblies (1ms)
				RefreshPlugins (1ms)
				BeforeProcessingInitializeOnLoad (114ms)
				ProcessInitializeOnLoadAttributes (274ms)
				ProcessInitializeOnLoadMethodAttributes (7ms)
				AfterProcessingInitializeOnLoad (15ms)
				EditorAssembliesLoaded (0ms)
			ExecutionOrderSort2 (0ms)
			AwakeInstancesAfterBackupRestoration (15ms)
Platform modules already initialized, skipping
Refreshing native plugins compatible for Editor in 0.62 ms, found 3 plugins.
Preloading 0 native plugins for Editor in 0.00 ms.
Unloading 2098 Unused Serialized files (Serialized files now loaded: 0)
System memory in use before: 93.1 MB.
System memory in use after: 93.2 MB.

Unloading 14 unused Assets to reduce memory usage. Loaded Objects now: 2554.
Total: 4.322600 ms (FindLiveObjects: 0.333700 ms CreateObjectMapping: 0.079100 ms MarkObjects: 3.885500 ms  DeleteObjects: 0.022900 ms)

AssetImportParameters requested are different than current active one (requested -> active):
  custom:framework-win-MediaFoundation: 216162199b28c13a410421893ffa2e32 -> 
  custom:video-decoder-ogg-theora: a1e56fd34408186e4bbccfd4996cb3dc -> 
  custom:container-muxer-webm: aa71ff27fc2769a1b78a27578f13a17b -> 
  custom:container-demuxer-webm: 4f35f7cbe854078d1ac9338744f61a02 -> 
  custom:container-demuxer-ogg: 62fdf1f143b41e24485cea50d1cbac27 -> 
  custom:video-encoder-webm-vp8: eb34c28f22e8b96e1ab97ce403110664 -> 
  custom:video-decoder-webm-vp8: 9c59270c3fd7afecdb556c50c9e8de78 -> 
  custom:audio-decoder-ogg-vorbis: bf7c407c2cedff20999df2af8eb42d56 -> 
  custom:audio-encoder-webm-vorbis: bf7c407c2cedff20999df2af8eb42d56 -> 
========================================================================
Received Prepare
Registering precompiled user dll's ...
Registered in 0.004667 seconds.
Begin MonoManager ReloadAssembly
Native extension for WindowsStandalone target not found
Native extension for WebGL target not found
Refreshing native plugins compatible for Editor in 0.66 ms, found 3 plugins.
Preloading 0 native plugins for Editor in 0.00 ms.
Mono: successfully reloaded assembly
- Completed reload, in  1.368 seconds
Domain Reload Profiling:
	ReloadAssembly (1369ms)
		BeginReloadAssembly (152ms)
			ExecutionOrderSort (0ms)
			DisableScriptedObjects (9ms)
			BackupInstance (0ms)
			ReleaseScriptingObjects (0ms)
			CreateAndSetChildDomain (47ms)
		EndReloadAssembly (1122ms)
			LoadAssemblies (125ms)
			RebuildTransferFunctionScriptingTraits (0ms)
			SetupTypeCache (389ms)
			ReleaseScriptCaches (1ms)
			RebuildScriptCaches (55ms)
			SetupLoadedEditorAssemblies (415ms)
				LogAssemblyErrors (0ms)
				InitializePlatformSupportModulesInManaged (9ms)
				SetLoadedEditorAssemblies (1ms)
				RefreshPlugins (1ms)
				BeforeProcessingInitializeOnLoad (118ms)
				ProcessInitializeOnLoadAttributes (264ms)
				ProcessInitializeOnLoadMethodAttributes (7ms)
				AfterProcessingInitializeOnLoad (15ms)
				EditorAssembliesLoaded (0ms)
			ExecutionOrderSort2 (0ms)
			AwakeInstancesAfterBackupRestoration (15ms)
Platform modules already initialized, skipping
Refreshing native plugins compatible for Editor in 0.61 ms, found 3 plugins.
Preloading 0 native plugins for Editor in 0.00 ms.
Unloading 2098 Unused Serialized files (Serialized files now loaded: 0)
System memory in use before: 93.1 MB.
System memory in use after: 93.2 MB.

Unloading 14 unused Assets to reduce memory usage. Loaded Objects now: 2557.
Total: 4.173400 ms (FindLiveObjects: 0.367000 ms CreateObjectMapping: 0.068000 ms MarkObjects: 3.710900 ms  DeleteObjects: 0.025700 ms)

AssetImportParameters requested are different than current active one (requested -> active):
  custom:framework-win-MediaFoundation: 216162199b28c13a410421893ffa2e32 -> 
  custom:video-decoder-ogg-theora: a1e56fd34408186e4bbccfd4996cb3dc -> 
  custom:container-muxer-webm: aa71ff27fc2769a1b78a27578f13a17b -> 
  custom:container-demuxer-webm: 4f35f7cbe854078d1ac9338744f61a02 -> 
  custom:container-demuxer-ogg: 62fdf1f143b41e24485cea50d1cbac27 -> 
  custom:video-encoder-webm-vp8: eb34c28f22e8b96e1ab97ce403110664 -> 
  custom:video-decoder-webm-vp8: 9c59270c3fd7afecdb556c50c9e8de78 -> 
  custom:audio-decoder-ogg-vorbis: bf7c407c2cedff20999df2af8eb42d56 -> 
  custom:audio-encoder-webm-vorbis: bf7c407c2cedff20999df2af8eb42d56 -> 
========================================================================
Received Import Request.
  Time since last request: 1366.995974 seconds.
  path: Assets/_WorkSpaces/WorkSpace_DV/Prefabs/Canvas.prefab
  artifactKey: Guid(92d99ac699ca6384aaefecd20e7b2818) Importer(815301076,1909f56bfc062723c751e8b465ee728b)
Start importing Assets/_WorkSpaces/WorkSpace_DV/Prefabs/Canvas.prefab using Guid(92d99ac699ca6384aaefecd20e7b2818) Importer(815301076,1909f56bfc062723c751e8b465ee728b)  -> (artifact id: '400174cf95cbb413cfe15b0579585201') in 0.062911 seconds 
  Import took 0.066788 seconds .

========================================================================
Received Import Request.
  Time since last request: 37.351264 seconds.
  path: Assets/_WorkSpaces/WorkSpace_DV/Scenes/Arbeitszimmer3.unity
  artifactKey: Guid(8840450aeebf2ac4bb51bf1ce55228e8) Importer(815301076,1909f56bfc062723c751e8b465ee728b)
Start importing Assets/_WorkSpaces/WorkSpace_DV/Scenes/Arbeitszimmer3.unity using Guid(8840450aeebf2ac4bb51bf1ce55228e8) Importer(815301076,1909f56bfc062723c751e8b465ee728b)  -> (artifact id: '24c412a5ffccd9233199935c665ce9be') in 0.003743 seconds 
  Import took 0.007848 seconds .

========================================================================
Received Import Request.
  Time since last request: 231.545839 seconds.
  path: Assets/_WorkSpaces/WorkSpace_DV/Prefabs/Door Wohnzimmer.prefab
  artifactKey: Guid(9225c03d9cd4c7d4a99fe64eaafe894c) Importer(815301076,1909f56bfc062723c751e8b465ee728b)
Start importing Assets/_WorkSpaces/WorkSpace_DV/Prefabs/Door Wohnzimmer.prefab using Guid(9225c03d9cd4c7d4a99fe64eaafe894c) Importer(815301076,1909f56bfc062723c751e8b465ee728b)  -> (artifact id: '2803545bab4891d265145b89d4614b0b') in 0.010637 seconds 
  Import took 0.014828 seconds .

========================================================================
Received Import Request.
  Time since last request: 1.302799 seconds.
  path: Assets/_WorkSpaces/WorkSpace_DV/Prefabs/Door Eingangshalle.prefab
  artifactKey: Guid(cb1d3d7f55278074ba7f4df17793cfd3) Importer(815301076,1909f56bfc062723c751e8b465ee728b)
Start importing Assets/_WorkSpaces/WorkSpace_DV/Prefabs/Door Eingangshalle.prefab using Guid(cb1d3d7f55278074ba7f4df17793cfd3) Importer(815301076,1909f56bfc062723c751e8b465ee728b)  -> (artifact id: 'cc1b5a700ffa1922a6635d8aa5b3bd9b') in 0.010566 seconds 
  Import took 0.014791 seconds .

========================================================================
Received Import Request.
  Time since last request: 143.891434 seconds.
  path: Assets/_WorkSpaces/WorkSpace_DV/Scenes/Arbeitszimmer1.unity
  artifactKey: Guid(46549d8c8517948409781f02ec5fbb63) Importer(815301076,1909f56bfc062723c751e8b465ee728b)
Start importing Assets/_WorkSpaces/WorkSpace_DV/Scenes/Arbeitszimmer1.unity using Guid(46549d8c8517948409781f02ec5fbb63) Importer(815301076,1909f56bfc062723c751e8b465ee728b)  -> (artifact id: 'a3cedf0c5c55e07c151564a94287b852') in 0.008771 seconds 
  Import took 0.013411 seconds .

========================================================================
Received Prepare
Registering precompiled user dll's ...
Registered in 0.003364 seconds.
Begin MonoManager ReloadAssembly
Native extension for WindowsStandalone target not found
Native extension for WebGL target not found
Refreshing native plugins compatible for Editor in 0.84 ms, found 3 plugins.
Preloading 0 native plugins for Editor in 0.00 ms.
Mono: successfully reloaded assembly
- Completed reload, in  1.382 seconds
Domain Reload Profiling:
	ReloadAssembly (1383ms)
		BeginReloadAssembly (153ms)
			ExecutionOrderSort (0ms)
			DisableScriptedObjects (8ms)
			BackupInstance (0ms)
			ReleaseScriptingObjects (0ms)
			CreateAndSetChildDomain (43ms)
		EndReloadAssembly (1134ms)
			LoadAssemblies (129ms)
			RebuildTransferFunctionScriptingTraits (0ms)
			SetupTypeCache (376ms)
			ReleaseScriptCaches (1ms)
			RebuildScriptCaches (58ms)
			SetupLoadedEditorAssemblies (427ms)
				LogAssemblyErrors (0ms)
				InitializePlatformSupportModulesInManaged (9ms)
				SetLoadedEditorAssemblies (1ms)
				RefreshPlugins (1ms)
				BeforeProcessingInitializeOnLoad (115ms)
				ProcessInitializeOnLoadAttributes (280ms)
				ProcessInitializeOnLoadMethodAttributes (7ms)
				AfterProcessingInitializeOnLoad (15ms)
				EditorAssembliesLoaded (0ms)
			ExecutionOrderSort2 (0ms)
			AwakeInstancesAfterBackupRestoration (15ms)
Platform modules already initialized, skipping
Refreshing native plugins compatible for Editor in 0.75 ms, found 3 plugins.
Preloading 0 native plugins for Editor in 0.00 ms.
Unloading 2098 Unused Serialized files (Serialized files now loaded: 0)
System memory in use before: 93.2 MB.
System memory in use after: 93.3 MB.

Unloading 15 unused Assets to reduce memory usage. Loaded Objects now: 2562.
Total: 3.879000 ms (FindLiveObjects: 0.271300 ms CreateObjectMapping: 0.067100 ms MarkObjects: 3.505300 ms  DeleteObjects: 0.033700 ms)

AssetImportParameters requested are different than current active one (requested -> active):
  custom:framework-win-MediaFoundation: 216162199b28c13a410421893ffa2e32 -> 
  custom:video-decoder-ogg-theora: a1e56fd34408186e4bbccfd4996cb3dc -> 
  custom:container-muxer-webm: aa71ff27fc2769a1b78a27578f13a17b -> 
  custom:container-demuxer-webm: 4f35f7cbe854078d1ac9338744f61a02 -> 
  custom:container-demuxer-ogg: 62fdf1f143b41e24485cea50d1cbac27 -> 
  custom:video-encoder-webm-vp8: eb34c28f22e8b96e1ab97ce403110664 -> 
  custom:video-decoder-webm-vp8: 9c59270c3fd7afecdb556c50c9e8de78 -> 
  custom:audio-decoder-ogg-vorbis: bf7c407c2cedff20999df2af8eb42d56 -> 
  custom:audio-encoder-webm-vorbis: bf7c407c2cedff20999df2af8eb42d56 -> 
========================================================================
Received Prepare
Registering precompiled user dll's ...
Registered in 0.003424 seconds.
Begin MonoManager ReloadAssembly
Native extension for WindowsStandalone target not found
Native extension for WebGL target not found
Refreshing native plugins compatible for Editor in 0.63 ms, found 3 plugins.
Preloading 0 native plugins for Editor in 0.00 ms.
Mono: successfully reloaded assembly
- Completed reload, in  1.393 seconds
Domain Reload Profiling:
	ReloadAssembly (1393ms)
		BeginReloadAssembly (161ms)
			ExecutionOrderSort (0ms)
			DisableScriptedObjects (9ms)
			BackupInstance (0ms)
			ReleaseScriptingObjects (0ms)
			CreateAndSetChildDomain (41ms)
		EndReloadAssembly (1138ms)
			LoadAssemblies (129ms)
			RebuildTransferFunctionScriptingTraits (0ms)
			SetupTypeCache (380ms)
			ReleaseScriptCaches (1ms)
			RebuildScriptCaches (56ms)
			SetupLoadedEditorAssemblies (437ms)
				LogAssemblyErrors (0ms)
				InitializePlatformSupportModulesInManaged (8ms)
				SetLoadedEditorAssemblies (1ms)
				RefreshPlugins (1ms)
				BeforeProcessingInitializeOnLoad (123ms)
				ProcessInitializeOnLoadAttributes (283ms)
				ProcessInitializeOnLoadMethodAttributes (7ms)
				AfterProcessingInitializeOnLoad (14ms)
				EditorAssembliesLoaded (0ms)
			ExecutionOrderSort2 (0ms)
			AwakeInstancesAfterBackupRestoration (15ms)
Platform modules already initialized, skipping
Refreshing native plugins compatible for Editor in 0.60 ms, found 3 plugins.
Preloading 0 native plugins for Editor in 0.00 ms.
Unloading 2098 Unused Serialized files (Serialized files now loaded: 0)
System memory in use before: 93.2 MB.
System memory in use after: 93.3 MB.

Unloading 14 unused Assets to reduce memory usage. Loaded Objects now: 2565.
Total: 3.972600 ms (FindLiveObjects: 0.278600 ms CreateObjectMapping: 0.061500 ms MarkObjects: 3.606700 ms  DeleteObjects: 0.023700 ms)

AssetImportParameters requested are different than current active one (requested -> active):
  custom:framework-win-MediaFoundation: 216162199b28c13a410421893ffa2e32 -> 
  custom:video-decoder-ogg-theora: a1e56fd34408186e4bbccfd4996cb3dc -> 
  custom:container-muxer-webm: aa71ff27fc2769a1b78a27578f13a17b -> 
  custom:container-demuxer-webm: 4f35f7cbe854078d1ac9338744f61a02 -> 
  custom:container-demuxer-ogg: 62fdf1f143b41e24485cea50d1cbac27 -> 
  custom:video-encoder-webm-vp8: eb34c28f22e8b96e1ab97ce403110664 -> 
  custom:video-decoder-webm-vp8: 9c59270c3fd7afecdb556c50c9e8de78 -> 
  custom:audio-decoder-ogg-vorbis: bf7c407c2cedff20999df2af8eb42d56 -> 
  custom:audio-encoder-webm-vorbis: bf7c407c2cedff20999df2af8eb42d56 -> 
========================================================================
Received Import Request.
  Time since last request: 17.829818 seconds.
  path: Assets/_WorkSpaces/WorkSpace_DV/Scenes/Arbeitszimmer3.unity
  artifactKey: Guid(8840450aeebf2ac4bb51bf1ce55228e8) Importer(815301076,1909f56bfc062723c751e8b465ee728b)
Start importing Assets/_WorkSpaces/WorkSpace_DV/Scenes/Arbeitszimmer3.unity using Guid(8840450aeebf2ac4bb51bf1ce55228e8) Importer(815301076,1909f56bfc062723c751e8b465ee728b)  -> (artifact id: '48072343bdd2373f435dd998900f1389') in 0.015365 seconds 
  Import took 0.019362 seconds .

========================================================================
Received Import Request.
  Time since last request: 0.002639 seconds.
  path: Assets/_WorkSpaces/WorkSpace_DV/Scenes/Arbeitszimmer3.unity
  artifactKey: Guid(8840450aeebf2ac4bb51bf1ce55228e8) Importer(815301076,1909f56bfc062723c751e8b465ee728b)
Start importing Assets/_WorkSpaces/WorkSpace_DV/Scenes/Arbeitszimmer3.unity using Guid(8840450aeebf2ac4bb51bf1ce55228e8) Importer(815301076,1909f56bfc062723c751e8b465ee728b)  -> (artifact id: '48072343bdd2373f435dd998900f1389') in 0.002987 seconds 
  Import took 0.006753 seconds .

========================================================================
Received Import Request.
  Time since last request: 9.107306 seconds.
  path: Assets/_WorkSpaces/WorkSpace_DV/Scenes/Arbeitszimmer2.unity
  artifactKey: Guid(a0e28ae5afc1755429fa421abad297e5) Importer(815301076,1909f56bfc062723c751e8b465ee728b)
Start importing Assets/_WorkSpaces/WorkSpace_DV/Scenes/Arbeitszimmer2.unity using Guid(a0e28ae5afc1755429fa421abad297e5) Importer(815301076,1909f56bfc062723c751e8b465ee728b)  -> (artifact id: '2d831e2569391efcb598b0ac9741468f') in 0.007619 seconds 
  Import took 0.011679 seconds .

========================================================================
Received Prepare
Registering precompiled user dll's ...
Registered in 0.004333 seconds.
Begin MonoManager ReloadAssembly
Native extension for WindowsStandalone target not found
Native extension for WebGL target not found
Refreshing native plugins compatible for Editor in 0.85 ms, found 3 plugins.
Preloading 0 native plugins for Editor in 0.00 ms.
Mono: successfully reloaded assembly
- Completed reload, in  1.379 seconds
Domain Reload Profiling:
	ReloadAssembly (1379ms)
		BeginReloadAssembly (147ms)
			ExecutionOrderSort (0ms)
			DisableScriptedObjects (9ms)
			BackupInstance (0ms)
			ReleaseScriptingObjects (0ms)
			CreateAndSetChildDomain (42ms)
		EndReloadAssembly (1137ms)
			LoadAssemblies (122ms)
			RebuildTransferFunctionScriptingTraits (0ms)
			SetupTypeCache (377ms)
			ReleaseScriptCaches (1ms)
			RebuildScriptCaches (57ms)
			SetupLoadedEditorAssemblies (432ms)
				LogAssemblyErrors (0ms)
				InitializePlatformSupportModulesInManaged (9ms)
				SetLoadedEditorAssemblies (1ms)
				RefreshPlugins (1ms)
				BeforeProcessingInitializeOnLoad (121ms)
				ProcessInitializeOnLoadAttributes (277ms)
				ProcessInitializeOnLoadMethodAttributes (8ms)
				AfterProcessingInitializeOnLoad (16ms)
				EditorAssembliesLoaded (0ms)
			ExecutionOrderSort2 (0ms)
			AwakeInstancesAfterBackupRestoration (15ms)
Platform modules already initialized, skipping
Refreshing native plugins compatible for Editor in 0.62 ms, found 3 plugins.
Preloading 0 native plugins for Editor in 0.00 ms.
Unloading 2098 Unused Serialized files (Serialized files now loaded: 0)
System memory in use before: 93.2 MB.
System memory in use after: 93.3 MB.

Unloading 14 unused Assets to reduce memory usage. Loaded Objects now: 2568.
Total: 3.898700 ms (FindLiveObjects: 0.276500 ms CreateObjectMapping: 0.069700 ms MarkObjects: 3.528900 ms  DeleteObjects: 0.021900 ms)

AssetImportParameters requested are different than current active one (requested -> active):
  custom:framework-win-MediaFoundation: 216162199b28c13a410421893ffa2e32 -> 
  custom:video-decoder-ogg-theora: a1e56fd34408186e4bbccfd4996cb3dc -> 
  custom:container-muxer-webm: aa71ff27fc2769a1b78a27578f13a17b -> 
  custom:container-demuxer-webm: 4f35f7cbe854078d1ac9338744f61a02 -> 
  custom:container-demuxer-ogg: 62fdf1f143b41e24485cea50d1cbac27 -> 
  custom:video-encoder-webm-vp8: eb34c28f22e8b96e1ab97ce403110664 -> 
  custom:video-decoder-webm-vp8: 9c59270c3fd7afecdb556c50c9e8de78 -> 
  custom:audio-decoder-ogg-vorbis: bf7c407c2cedff20999df2af8eb42d56 -> 
  custom:audio-encoder-webm-vorbis: bf7c407c2cedff20999df2af8eb42d56 -> 
========================================================================
Received Prepare
Registering precompiled user dll's ...
Registered in 0.003581 seconds.
Begin MonoManager ReloadAssembly
Native extension for WindowsStandalone target not found
Native extension for WebGL target not found
Refreshing native plugins compatible for Editor in 0.80 ms, found 3 plugins.
Preloading 0 native plugins for Editor in 0.00 ms.
Mono: successfully reloaded assembly
- Completed reload, in  1.393 seconds
Domain Reload Profiling:
	ReloadAssembly (1394ms)
		BeginReloadAssembly (155ms)
			ExecutionOrderSort (0ms)
			DisableScriptedObjects (9ms)
			BackupInstance (0ms)
			ReleaseScriptingObjects (0ms)
			CreateAndSetChildDomain (49ms)
		EndReloadAssembly (1145ms)
			LoadAssemblies (132ms)
			RebuildTransferFunctionScriptingTraits (0ms)
			SetupTypeCache (375ms)
			ReleaseScriptCaches (1ms)
			RebuildScriptCaches (55ms)
			SetupLoadedEditorAssemblies (446ms)
				LogAssemblyErrors (0ms)
				InitializePlatformSupportModulesInManaged (8ms)
				SetLoadedEditorAssemblies (1ms)
				RefreshPlugins (1ms)
				BeforeProcessingInitializeOnLoad (123ms)
				ProcessInitializeOnLoadAttributes (289ms)
				ProcessInitializeOnLoadMethodAttributes (8ms)
				AfterProcessingInitializeOnLoad (15ms)
				EditorAssembliesLoaded (0ms)
			ExecutionOrderSort2 (0ms)
			AwakeInstancesAfterBackupRestoration (15ms)
Platform modules already initialized, skipping
Refreshing native plugins compatible for Editor in 0.61 ms, found 3 plugins.
Preloading 0 native plugins for Editor in 0.00 ms.
Unloading 2098 Unused Serialized files (Serialized files now loaded: 0)
System memory in use before: 93.2 MB.
System memory in use after: 93.4 MB.

Unloading 14 unused Assets to reduce memory usage. Loaded Objects now: 2571.
Total: 4.165800 ms (FindLiveObjects: 0.308700 ms CreateObjectMapping: 0.062500 ms MarkObjects: 3.766600 ms  DeleteObjects: 0.026400 ms)

AssetImportParameters requested are different than current active one (requested -> active):
  custom:framework-win-MediaFoundation: 216162199b28c13a410421893ffa2e32 -> 
  custom:video-decoder-ogg-theora: a1e56fd34408186e4bbccfd4996cb3dc -> 
  custom:container-muxer-webm: aa71ff27fc2769a1b78a27578f13a17b -> 
  custom:container-demuxer-webm: 4f35f7cbe854078d1ac9338744f61a02 -> 
  custom:container-demuxer-ogg: 62fdf1f143b41e24485cea50d1cbac27 -> 
  custom:video-encoder-webm-vp8: eb34c28f22e8b96e1ab97ce403110664 -> 
  custom:video-decoder-webm-vp8: 9c59270c3fd7afecdb556c50c9e8de78 -> 
  custom:audio-decoder-ogg-vorbis: bf7c407c2cedff20999df2af8eb42d56 -> 
  custom:audio-encoder-webm-vorbis: bf7c407c2cedff20999df2af8eb42d56 -> 
========================================================================
Received Import Request.
  Time since last request: 88.305911 seconds.
  path: Assets/_WorkSpaces/WorkSpace_DV/Prefabs/EventSystem.prefab
  artifactKey: Guid(c5bcad7ad5e9d474cbce56bf91d0f42f) Importer(815301076,1909f56bfc062723c751e8b465ee728b)
Start importing Assets/_WorkSpaces/WorkSpace_DV/Prefabs/EventSystem.prefab using Guid(c5bcad7ad5e9d474cbce56bf91d0f42f) Importer(815301076,1909f56bfc062723c751e8b465ee728b)  -> (artifact id: '12e11e9dc322de629becd60bed9ddcd9') in 0.038301 seconds 
  Import took 0.042466 seconds .

========================================================================
Received Prepare
Registering precompiled user dll's ...
Registered in 0.003346 seconds.
Begin MonoManager ReloadAssembly
Native extension for WindowsStandalone target not found
Native extension for WebGL target not found
Refreshing native plugins compatible for Editor in 0.61 ms, found 3 plugins.
Preloading 0 native plugins for Editor in 0.00 ms.
Mono: successfully reloaded assembly
- Completed reload, in  1.352 seconds
Domain Reload Profiling:
	ReloadAssembly (1353ms)
		BeginReloadAssembly (152ms)
			ExecutionOrderSort (0ms)
			DisableScriptedObjects (9ms)
			BackupInstance (0ms)
			ReleaseScriptingObjects (0ms)
			CreateAndSetChildDomain (45ms)
		EndReloadAssembly (1105ms)
			LoadAssemblies (127ms)
			RebuildTransferFunctionScriptingTraits (0ms)
			SetupTypeCache (377ms)
			ReleaseScriptCaches (1ms)
			RebuildScriptCaches (55ms)
			SetupLoadedEditorAssemblies (411ms)
				LogAssemblyErrors (0ms)
				InitializePlatformSupportModulesInManaged (8ms)
				SetLoadedEditorAssemblies (1ms)
				RefreshPlugins (1ms)
				BeforeProcessingInitializeOnLoad (112ms)
				ProcessInitializeOnLoadAttributes (267ms)
				ProcessInitializeOnLoadMethodAttributes (7ms)
				AfterProcessingInitializeOnLoad (15ms)
				EditorAssembliesLoaded (0ms)
			ExecutionOrderSort2 (0ms)
			AwakeInstancesAfterBackupRestoration (15ms)
Platform modules already initialized, skipping
Refreshing native plugins compatible for Editor in 0.60 ms, found 3 plugins.
Preloading 0 native plugins for Editor in 0.00 ms.
Unloading 2098 Unused Serialized files (Serialized files now loaded: 0)
System memory in use before: 93.3 MB.
System memory in use after: 93.4 MB.

Unloading 14 unused Assets to reduce memory usage. Loaded Objects now: 2574.
Total: 3.966300 ms (FindLiveObjects: 0.283600 ms CreateObjectMapping: 0.060900 ms MarkObjects: 3.595000 ms  DeleteObjects: 0.025100 ms)

AssetImportParameters requested are different than current active one (requested -> active):
  custom:framework-win-MediaFoundation: 216162199b28c13a410421893ffa2e32 -> 
  custom:video-decoder-ogg-theora: a1e56fd34408186e4bbccfd4996cb3dc -> 
  custom:container-muxer-webm: aa71ff27fc2769a1b78a27578f13a17b -> 
  custom:container-demuxer-webm: 4f35f7cbe854078d1ac9338744f61a02 -> 
  custom:container-demuxer-ogg: 62fdf1f143b41e24485cea50d1cbac27 -> 
  custom:video-encoder-webm-vp8: eb34c28f22e8b96e1ab97ce403110664 -> 
  custom:video-decoder-webm-vp8: 9c59270c3fd7afecdb556c50c9e8de78 -> 
  custom:audio-decoder-ogg-vorbis: bf7c407c2cedff20999df2af8eb42d56 -> 
  custom:audio-encoder-webm-vorbis: bf7c407c2cedff20999df2af8eb42d56 -> 
========================================================================
Received Import Request.
  Time since last request: 226.167446 seconds.
  path: Assets/_WorkSpaces/WorkSpace_DV/Scenes/Eingangshalle1.unity
  artifactKey: Guid(7bbfc180143c1084ead10d6efa18884a) Importer(815301076,1909f56bfc062723c751e8b465ee728b)
Start importing Assets/_WorkSpaces/WorkSpace_DV/Scenes/Eingangshalle1.unity using Guid(7bbfc180143c1084ead10d6efa18884a) Importer(815301076,1909f56bfc062723c751e8b465ee728b)  -> (artifact id: '2ecf140df91c39be237f823b1c9864c6') in 0.020838 seconds 
  Import took 0.025327 seconds .

========================================================================
Received Import Request.
  Time since last request: 8.238867 seconds.
  path: Assets/_WorkSpaces/WorkSpace_DV/Prefabs/Door Wohnzimmer 1.prefab
  artifactKey: Guid(86fc997c64eb40c418bdda870cc6f147) Importer(815301076,1909f56bfc062723c751e8b465ee728b)
Start importing Assets/_WorkSpaces/WorkSpace_DV/Prefabs/Door Wohnzimmer 1.prefab using Guid(86fc997c64eb40c418bdda870cc6f147) Importer(815301076,1909f56bfc062723c751e8b465ee728b)  -> (artifact id: '60d26425a390f727849ece5d8bc946ea') in 0.042531 seconds 
  Import took 0.046856 seconds .

========================================================================
Received Import Request.
  Time since last request: 2.457740 seconds.
  path: Assets/_WorkSpaces/WorkSpace_DV/Scenes/Eingangshalle2.unity
  artifactKey: Guid(84c2e67c8ac69c04dbbab64610f1bb2b) Importer(815301076,1909f56bfc062723c751e8b465ee728b)
Start importing Assets/_WorkSpaces/WorkSpace_DV/Scenes/Eingangshalle2.unity using Guid(84c2e67c8ac69c04dbbab64610f1bb2b) Importer(815301076,1909f56bfc062723c751e8b465ee728b)  -> (artifact id: 'ac86173c7da7068bab62504f11d57ed0') in 0.008340 seconds 
  Import took 0.012275 seconds .

========================================================================
Received Import Request.
  Time since last request: 18.084085 seconds.
  path: Assets/_WorkSpaces/WorkSpace_DV/Scenes/Eingangshalle1.unity
  artifactKey: Guid(7bbfc180143c1084ead10d6efa18884a) Importer(815301076,1909f56bfc062723c751e8b465ee728b)
Start importing Assets/_WorkSpaces/WorkSpace_DV/Scenes/Eingangshalle1.unity using Guid(7bbfc180143c1084ead10d6efa18884a) Importer(815301076,1909f56bfc062723c751e8b465ee728b)  -> (artifact id: 'd4cc70d1fef5678662e096721831cffc') in 0.003396 seconds 
  Import took 0.007606 seconds .

========================================================================
Received Import Request.
  Time since last request: 0.000538 seconds.
  path: Assets/_WorkSpaces/WorkSpace_DV/Scenes/Eingangshalle1.unity
  artifactKey: Guid(7bbfc180143c1084ead10d6efa18884a) Importer(815301076,1909f56bfc062723c751e8b465ee728b)
Start importing Assets/_WorkSpaces/WorkSpace_DV/Scenes/Eingangshalle1.unity using Guid(7bbfc180143c1084ead10d6efa18884a) Importer(815301076,1909f56bfc062723c751e8b465ee728b)  -> (artifact id: 'd4cc70d1fef5678662e096721831cffc') in 0.002887 seconds 
  Import took 0.006452 seconds .

========================================================================
Received Import Request.
  Time since last request: 45.143039 seconds.
  path: Assets/_WorkSpaces/WorkSpace_DV/Prefabs/Door Arbeitszimmer.prefab
  artifactKey: Guid(dea29cf48cc10ad4988c14fddedb9d01) Importer(815301076,1909f56bfc062723c751e8b465ee728b)
Start importing Assets/_WorkSpaces/WorkSpace_DV/Prefabs/Door Arbeitszimmer.prefab using Guid(dea29cf48cc10ad4988c14fddedb9d01) Importer(815301076,1909f56bfc062723c751e8b465ee728b)  -> (artifact id: '6416275cd5b5d82cd225f237df73eec1') in 0.010092 seconds 
  Import took 0.014148 seconds .

========================================================================
Received Import Request.
  Time since last request: 86.071088 seconds.
  path: Assets/_WorkSpaces/WorkSpace_DV/Scenes/Eingangshalle4.unity
  artifactKey: Guid(0281fe5a8e1ed434ab3a9cd7a8d5a51d) Importer(815301076,1909f56bfc062723c751e8b465ee728b)
Start importing Assets/_WorkSpaces/WorkSpace_DV/Scenes/Eingangshalle4.unity using Guid(0281fe5a8e1ed434ab3a9cd7a8d5a51d) Importer(815301076,1909f56bfc062723c751e8b465ee728b)  -> (artifact id: 'd0c142a7e5d933ae26c6e052df90f2c0') in 0.008022 seconds 
  Import took 0.011936 seconds .

========================================================================
Received Import Request.
  Time since last request: 0.000314 seconds.
  path: Assets/_WorkSpaces/WorkSpace_DV/Scenes/Eingangshalle4.unity
  artifactKey: Guid(0281fe5a8e1ed434ab3a9cd7a8d5a51d) Importer(815301076,1909f56bfc062723c751e8b465ee728b)
Start importing Assets/_WorkSpaces/WorkSpace_DV/Scenes/Eingangshalle4.unity using Guid(0281fe5a8e1ed434ab3a9cd7a8d5a51d) Importer(815301076,1909f56bfc062723c751e8b465ee728b)  -> (artifact id: 'd0c142a7e5d933ae26c6e052df90f2c0') in 0.003152 seconds 
  Import took 0.006718 seconds .

========================================================================
Received Import Request.
  Time since last request: 153.655804 seconds.
  path: Assets/_WorkSpaces/WorkSpace_DV/Scenes/Wohnzimmer3.unity
  artifactKey: Guid(c17af55acdad5c24085b6807a53dba40) Importer(815301076,1909f56bfc062723c751e8b465ee728b)
Start importing Assets/_WorkSpaces/WorkSpace_DV/Scenes/Wohnzimmer3.unity using Guid(c17af55acdad5c24085b6807a53dba40) Importer(815301076,1909f56bfc062723c751e8b465ee728b)  -> (artifact id: '0ad98fa8b94620988dfa6bc9761edf46') in 0.008240 seconds 
  Import took 0.012515 seconds .

========================================================================
Received Import Request.
  Time since last request: 23.257383 seconds.
  path: Assets/_WorkSpaces/WorkSpace_DV/Scenes/Wohnzimmer4.unity
  artifactKey: Guid(1f424127b12d2c64396c5130b4e15030) Importer(815301076,1909f56bfc062723c751e8b465ee728b)
Start importing Assets/_WorkSpaces/WorkSpace_DV/Scenes/Wohnzimmer4.unity using Guid(1f424127b12d2c64396c5130b4e15030) Importer(815301076,1909f56bfc062723c751e8b465ee728b)  -> (artifact id: '1a4e242a76653657a755968868f27580') in 0.008000 seconds 
  Import took 0.011906 seconds .

========================================================================
Received Prepare
Registering precompiled user dll's ...
Registered in 0.003532 seconds.
Begin MonoManager ReloadAssembly
Native extension for WindowsStandalone target not found
Native extension for WebGL target not found
Refreshing native plugins compatible for Editor in 0.75 ms, found 3 plugins.
Preloading 0 native plugins for Editor in 0.00 ms.
Mono: successfully reloaded assembly
- Completed reload, in  1.351 seconds
Domain Reload Profiling:
	ReloadAssembly (1352ms)
		BeginReloadAssembly (149ms)
			ExecutionOrderSort (0ms)
			DisableScriptedObjects (8ms)
			BackupInstance (0ms)
			ReleaseScriptingObjects (0ms)
			CreateAndSetChildDomain (42ms)
		EndReloadAssembly (1110ms)
			LoadAssemblies (125ms)
			RebuildTransferFunctionScriptingTraits (0ms)
			SetupTypeCache (379ms)
			ReleaseScriptCaches (1ms)
			RebuildScriptCaches (53ms)
			SetupLoadedEditorAssemblies (412ms)
				LogAssemblyErrors (0ms)
				InitializePlatformSupportModulesInManaged (8ms)
				SetLoadedEditorAssemblies (1ms)
				RefreshPlugins (1ms)
				BeforeProcessingInitializeOnLoad (111ms)
				ProcessInitializeOnLoadAttributes (269ms)
				ProcessInitializeOnLoadMethodAttributes (8ms)
				AfterProcessingInitializeOnLoad (15ms)
				EditorAssembliesLoaded (0ms)
			ExecutionOrderSort2 (0ms)
			AwakeInstancesAfterBackupRestoration (15ms)
Platform modules already initialized, skipping
Refreshing native plugins compatible for Editor in 0.63 ms, found 3 plugins.
Preloading 0 native plugins for Editor in 0.00 ms.
Unloading 2098 Unused Serialized files (Serialized files now loaded: 0)
System memory in use before: 93.3 MB.
System memory in use after: 93.4 MB.

Unloading 15 unused Assets to reduce memory usage. Loaded Objects now: 2577.
Total: 3.761300 ms (FindLiveObjects: 0.255200 ms CreateObjectMapping: 0.060600 ms MarkObjects: 3.414800 ms  DeleteObjects: 0.028800 ms)

AssetImportParameters requested are different than current active one (requested -> active):
  custom:framework-win-MediaFoundation: 216162199b28c13a410421893ffa2e32 -> 
  custom:video-decoder-ogg-theora: a1e56fd34408186e4bbccfd4996cb3dc -> 
  custom:container-muxer-webm: aa71ff27fc2769a1b78a27578f13a17b -> 
  custom:container-demuxer-webm: 4f35f7cbe854078d1ac9338744f61a02 -> 
  custom:container-demuxer-ogg: 62fdf1f143b41e24485cea50d1cbac27 -> 
  custom:video-encoder-webm-vp8: eb34c28f22e8b96e1ab97ce403110664 -> 
  custom:video-decoder-webm-vp8: 9c59270c3fd7afecdb556c50c9e8de78 -> 
  custom:audio-decoder-ogg-vorbis: bf7c407c2cedff20999df2af8eb42d56 -> 
  custom:audio-encoder-webm-vorbis: bf7c407c2cedff20999df2af8eb42d56 -> 
