Using pre-set license
Built from '2020.3/staging' branch; Version is '2020.3.18f1 (a7d1c678663c) revision 10998214'; Using compiler version '192528614'; Build Type 'Release'
OS: 'Windows 10 Pro; OS build 19043.1165; Version 2009; 64bit' Language: 'de' Physical Memory: 16317 MB
BatchMode: 1, IsHumanControllingUs: 0, StartBugReporterOnCrash: 0, Is64bit: 1, IsPro: 0

COMMAND LINE ARGUMENTS:
C:\Program Files\Unity\Hub\Editor\2020.3.18f1\Editor\Unity.exe
-adb2
-batchMode
-noUpm
-name
AssetImportWorker1
-projectPath
D:/GitHub/Neuer Ordner/IU-Game-Jam-Crucifix-2.0
-logFile
Logs/AssetImportWorker1.log
-srvPort
62790
Successfully changed project path to: D:/GitHub/Neuer Ordner/IU-Game-Jam-Crucifix-2.0
D:/GitHub/Neuer Ordner/IU-Game-Jam-Crucifix-2.0
Using Asset Import Pipeline V2.
Refreshing native plugins compatible for Editor in 63.36 ms, found 3 plugins.
Preloading 0 native plugins for Editor in 0.00 ms.
Initialize engine version: 2020.3.18f1 (a7d1c678663c)
[Subsystems] Discovering subsystems at path C:/Program Files/Unity/Hub/Editor/2020.3.18f1/Editor/Data/Resources/UnitySubsystems
[Subsystems] Discovering subsystems at path D:/GitHub/Neuer Ordner/IU-Game-Jam-Crucifix-2.0/Assets
GfxDevice: creating device client; threaded=0
Direct3D:
    Version:  Direct3D 11.0 [level 11.1]
    Renderer: NVIDIA GeForce GTX 1070 Ti (ID=0x1b82)
    Vendor:   
    VRAM:     8079 MB
    Driver:   30.0.14.7168
Initialize mono
Mono path[0] = 'C:/Program Files/Unity/Hub/Editor/2020.3.18f1/Editor/Data/Managed'
Mono path[1] = 'C:/Program Files/Unity/Hub/Editor/2020.3.18f1/Editor/Data/MonoBleedingEdge/lib/mono/unityjit'
Mono config path = 'C:/Program Files/Unity/Hub/Editor/2020.3.18f1/Editor/Data/MonoBleedingEdge/etc'
Using monoOptions --debugger-agent=transport=dt_socket,embedding=1,server=y,suspend=n,address=127.0.0.1:56548
Begin MonoManager ReloadAssembly
Registering precompiled unity dll's ...
Register platform support module: C:/Program Files/Unity/Hub/Editor/2020.3.18f1/Editor/Data/PlaybackEngines/WebGLSupport/UnityEditor.WebGL.Extensions.dll
Register platform support module: C:/Program Files/Unity/Hub/Editor/2020.3.18f1/Editor/Data/PlaybackEngines/WindowsStandaloneSupport/UnityEditor.WindowsStandalone.Extensions.dll
Registered in 0.004938 seconds.
Native extension for WindowsStandalone target not found
Native extension for WebGL target not found
Refreshing native plugins compatible for Editor in 59.19 ms, found 3 plugins.
Preloading 0 native plugins for Editor in 0.00 ms.
Mono: successfully reloaded assembly
- Completed reload, in  3.444 seconds
Domain Reload Profiling:
	ReloadAssembly (3444ms)
		BeginReloadAssembly (85ms)
			ExecutionOrderSort (0ms)
			DisableScriptedObjects (0ms)
			BackupInstance (0ms)
			ReleaseScriptingObjects (0ms)
			CreateAndSetChildDomain (1ms)
		EndReloadAssembly (738ms)
			LoadAssemblies (81ms)
			RebuildTransferFunctionScriptingTraits (0ms)
			SetupTypeCache (333ms)
			ReleaseScriptCaches (0ms)
			RebuildScriptCaches (42ms)
			SetupLoadedEditorAssemblies (251ms)
				LogAssemblyErrors (0ms)
				InitializePlatformSupportModulesInManaged (8ms)
				SetLoadedEditorAssemblies (0ms)
				RefreshPlugins (59ms)
				BeforeProcessingInitializeOnLoad (23ms)
				ProcessInitializeOnLoadAttributes (115ms)
				ProcessInitializeOnLoadMethodAttributes (46ms)
				AfterProcessingInitializeOnLoad (0ms)
				EditorAssembliesLoaded (0ms)
			ExecutionOrderSort2 (0ms)
			AwakeInstancesAfterBackupRestoration (0ms)
Platform modules already initialized, skipping
Registering precompiled user dll's ...
Registered in 0.003809 seconds.
Begin MonoManager ReloadAssembly
Native extension for WindowsStandalone target not found
Native extension for WebGL target not found
Refreshing native plugins compatible for Editor in 60.26 ms, found 3 plugins.
Preloading 0 native plugins for Editor in 0.00 ms.
Mono: successfully reloaded assembly
- Completed reload, in  1.703 seconds
Domain Reload Profiling:
	ReloadAssembly (1704ms)
		BeginReloadAssembly (216ms)
			ExecutionOrderSort (0ms)
			DisableScriptedObjects (7ms)
			BackupInstance (0ms)
			ReleaseScriptingObjects (0ms)
			CreateAndSetChildDomain (25ms)
		EndReloadAssembly (1389ms)
			LoadAssemblies (138ms)
			RebuildTransferFunctionScriptingTraits (0ms)
			SetupTypeCache (428ms)
			ReleaseScriptCaches (1ms)
			RebuildScriptCaches (70ms)
			SetupLoadedEditorAssemblies (579ms)
				LogAssemblyErrors (0ms)
				InitializePlatformSupportModulesInManaged (7ms)
				SetLoadedEditorAssemblies (0ms)
				RefreshPlugins (60ms)
				BeforeProcessingInitializeOnLoad (117ms)
				ProcessInitializeOnLoadAttributes (360ms)
				ProcessInitializeOnLoadMethodAttributes (19ms)
				AfterProcessingInitializeOnLoad (15ms)
				EditorAssembliesLoaded (0ms)
			ExecutionOrderSort2 (0ms)
			AwakeInstancesAfterBackupRestoration (9ms)
Platform modules already initialized, skipping
========================================================================
Worker process is ready to serve import requests
Launched and connected shader compiler UnityShaderCompiler.exe after 0.18 seconds
Refreshing native plugins compatible for Editor in 0.60 ms, found 3 plugins.
Preloading 0 native plugins for Editor in 0.00 ms.
Unloading 2115 Unused Serialized files (Serialized files now loaded: 0)
System memory in use before: 93.7 MB.
System memory in use after: 93.8 MB.

Unloading 26 unused Assets to reduce memory usage. Loaded Objects now: 2556.
Total: 4.419300 ms (FindLiveObjects: 0.332000 ms CreateObjectMapping: 0.062400 ms MarkObjects: 3.919600 ms  DeleteObjects: 0.103100 ms)

AssetImportParameters requested are different than current active one (requested -> active):
  custom:framework-win-MediaFoundation: 216162199b28c13a410421893ffa2e32 -> 
  custom:video-decoder-ogg-theora: a1e56fd34408186e4bbccfd4996cb3dc -> 
  custom:container-muxer-webm: aa71ff27fc2769a1b78a27578f13a17b -> 
  custom:container-demuxer-webm: 4f35f7cbe854078d1ac9338744f61a02 -> 
  custom:container-demuxer-ogg: 62fdf1f143b41e24485cea50d1cbac27 -> 
  custom:video-encoder-webm-vp8: eb34c28f22e8b96e1ab97ce403110664 -> 
  custom:video-decoder-webm-vp8: 9c59270c3fd7afecdb556c50c9e8de78 -> 
  custom:audio-decoder-ogg-vorbis: bf7c407c2cedff20999df2af8eb42d56 -> 
  custom:audio-encoder-webm-vorbis: bf7c407c2cedff20999df2af8eb42d56 -> 
========================================================================
Received Import Request.
  path: Assets/_WorkSpaces/WorkSpace_DV/Prefabs/Inventory.prefab
  artifactKey: Guid(7c75ab8d9e272b041a1b463d29d31443) Importer(815301076,1909f56bfc062723c751e8b465ee728b)
Start importing Assets/_WorkSpaces/WorkSpace_DV/Prefabs/Inventory.prefab using Guid(7c75ab8d9e272b041a1b463d29d31443) Importer(815301076,1909f56bfc062723c751e8b465ee728b)  -> (artifact id: '24daa0349b73c5749690e6a047f4bedd') in 0.119196 seconds 
  Import took 0.124804 seconds .

========================================================================
Received Prepare
Registering precompiled user dll's ...
Registered in 0.003487 seconds.
Begin MonoManager ReloadAssembly
Native extension for WindowsStandalone target not found
Native extension for WebGL target not found
Refreshing native plugins compatible for Editor in 0.60 ms, found 3 plugins.
Preloading 0 native plugins for Editor in 0.00 ms.
Mono: successfully reloaded assembly
- Completed reload, in  1.498 seconds
Domain Reload Profiling:
	ReloadAssembly (1498ms)
		BeginReloadAssembly (186ms)
			ExecutionOrderSort (0ms)
			DisableScriptedObjects (10ms)
			BackupInstance (0ms)
			ReleaseScriptingObjects (0ms)
			CreateAndSetChildDomain (62ms)
		EndReloadAssembly (1191ms)
			LoadAssemblies (144ms)
			RebuildTransferFunctionScriptingTraits (0ms)
			SetupTypeCache (412ms)
			ReleaseScriptCaches (1ms)
			RebuildScriptCaches (62ms)
			SetupLoadedEditorAssemblies (443ms)
				LogAssemblyErrors (0ms)
				InitializePlatformSupportModulesInManaged (9ms)
				SetLoadedEditorAssemblies (1ms)
				RefreshPlugins (1ms)
				BeforeProcessingInitializeOnLoad (122ms)
				ProcessInitializeOnLoadAttributes (286ms)
				ProcessInitializeOnLoadMethodAttributes (7ms)
				AfterProcessingInitializeOnLoad (18ms)
				EditorAssembliesLoaded (0ms)
			ExecutionOrderSort2 (0ms)
			AwakeInstancesAfterBackupRestoration (15ms)
Platform modules already initialized, skipping
Refreshing native plugins compatible for Editor in 0.62 ms, found 3 plugins.
Preloading 0 native plugins for Editor in 0.00 ms.
Unloading 2116 Unused Serialized files (Serialized files now loaded: 0)
System memory in use before: 93.5 MB.
System memory in use after: 93.6 MB.

Unloading 14 unused Assets to reduce memory usage. Loaded Objects now: 2570.
Total: 4.007500 ms (FindLiveObjects: 0.271500 ms CreateObjectMapping: 0.063800 ms MarkObjects: 3.645800 ms  DeleteObjects: 0.024800 ms)

AssetImportParameters requested are different than current active one (requested -> active):
  custom:framework-win-MediaFoundation: 216162199b28c13a410421893ffa2e32 -> 
  custom:video-decoder-ogg-theora: a1e56fd34408186e4bbccfd4996cb3dc -> 
  custom:container-muxer-webm: aa71ff27fc2769a1b78a27578f13a17b -> 
  custom:container-demuxer-webm: 4f35f7cbe854078d1ac9338744f61a02 -> 
  custom:container-demuxer-ogg: 62fdf1f143b41e24485cea50d1cbac27 -> 
  custom:video-encoder-webm-vp8: eb34c28f22e8b96e1ab97ce403110664 -> 
  custom:video-decoder-webm-vp8: 9c59270c3fd7afecdb556c50c9e8de78 -> 
  custom:audio-decoder-ogg-vorbis: bf7c407c2cedff20999df2af8eb42d56 -> 
  custom:audio-encoder-webm-vorbis: bf7c407c2cedff20999df2af8eb42d56 -> 
========================================================================
Received Prepare
Registering precompiled user dll's ...
Registered in 0.003462 seconds.
Begin MonoManager ReloadAssembly
Native extension for WindowsStandalone target not found
Native extension for WebGL target not found
Refreshing native plugins compatible for Editor in 0.97 ms, found 3 plugins.
Preloading 0 native plugins for Editor in 0.00 ms.
Mono: successfully reloaded assembly
- Completed reload, in  1.400 seconds
Domain Reload Profiling:
	ReloadAssembly (1400ms)
		BeginReloadAssembly (156ms)
			ExecutionOrderSort (0ms)
			DisableScriptedObjects (8ms)
			BackupInstance (0ms)
			ReleaseScriptingObjects (0ms)
			CreateAndSetChildDomain (44ms)
		EndReloadAssembly (1151ms)
			LoadAssemblies (126ms)
			RebuildTransferFunctionScriptingTraits (0ms)
			SetupTypeCache (376ms)
			ReleaseScriptCaches (1ms)
			RebuildScriptCaches (55ms)
			SetupLoadedEditorAssemblies (444ms)
				LogAssemblyErrors (0ms)
				InitializePlatformSupportModulesInManaged (9ms)
				SetLoadedEditorAssemblies (1ms)
				RefreshPlugins (1ms)
				BeforeProcessingInitializeOnLoad (123ms)
				ProcessInitializeOnLoadAttributes (288ms)
				ProcessInitializeOnLoadMethodAttributes (8ms)
				AfterProcessingInitializeOnLoad (15ms)
				EditorAssembliesLoaded (0ms)
			ExecutionOrderSort2 (0ms)
			AwakeInstancesAfterBackupRestoration (15ms)
Platform modules already initialized, skipping
Refreshing native plugins compatible for Editor in 0.65 ms, found 3 plugins.
Preloading 0 native plugins for Editor in 0.00 ms.
Unloading 2116 Unused Serialized files (Serialized files now loaded: 0)
System memory in use before: 93.5 MB.
System memory in use after: 93.6 MB.

Unloading 14 unused Assets to reduce memory usage. Loaded Objects now: 2573.
Total: 4.034500 ms (FindLiveObjects: 0.265400 ms CreateObjectMapping: 0.061100 ms MarkObjects: 3.683300 ms  DeleteObjects: 0.022600 ms)

AssetImportParameters requested are different than current active one (requested -> active):
  custom:framework-win-MediaFoundation: 216162199b28c13a410421893ffa2e32 -> 
  custom:video-decoder-ogg-theora: a1e56fd34408186e4bbccfd4996cb3dc -> 
  custom:container-muxer-webm: aa71ff27fc2769a1b78a27578f13a17b -> 
  custom:container-demuxer-webm: 4f35f7cbe854078d1ac9338744f61a02 -> 
  custom:container-demuxer-ogg: 62fdf1f143b41e24485cea50d1cbac27 -> 
  custom:video-encoder-webm-vp8: eb34c28f22e8b96e1ab97ce403110664 -> 
  custom:video-decoder-webm-vp8: 9c59270c3fd7afecdb556c50c9e8de78 -> 
  custom:audio-decoder-ogg-vorbis: bf7c407c2cedff20999df2af8eb42d56 -> 
  custom:audio-encoder-webm-vorbis: bf7c407c2cedff20999df2af8eb42d56 -> 
========================================================================
Received Prepare
Registering precompiled user dll's ...
Registered in 0.003705 seconds.
Begin MonoManager ReloadAssembly
Native extension for WindowsStandalone target not found
Native extension for WebGL target not found
Refreshing native plugins compatible for Editor in 0.61 ms, found 3 plugins.
Preloading 0 native plugins for Editor in 0.00 ms.
Mono: successfully reloaded assembly
- Completed reload, in  1.419 seconds
Domain Reload Profiling:
	ReloadAssembly (1420ms)
		BeginReloadAssembly (153ms)
			ExecutionOrderSort (0ms)
			DisableScriptedObjects (9ms)
			BackupInstance (0ms)
			ReleaseScriptingObjects (0ms)
			CreateAndSetChildDomain (46ms)
		EndReloadAssembly (1172ms)
			LoadAssemblies (126ms)
			RebuildTransferFunctionScriptingTraits (0ms)
			SetupTypeCache (411ms)
			ReleaseScriptCaches (1ms)
			RebuildScriptCaches (54ms)
			SetupLoadedEditorAssemblies (437ms)
				LogAssemblyErrors (0ms)
				InitializePlatformSupportModulesInManaged (9ms)
				SetLoadedEditorAssemblies (1ms)
				RefreshPlugins (1ms)
				BeforeProcessingInitializeOnLoad (126ms)
				ProcessInitializeOnLoadAttributes (279ms)
				ProcessInitializeOnLoadMethodAttributes (7ms)
				AfterProcessingInitializeOnLoad (14ms)
				EditorAssembliesLoaded (0ms)
			ExecutionOrderSort2 (0ms)
			AwakeInstancesAfterBackupRestoration (15ms)
Platform modules already initialized, skipping
Refreshing native plugins compatible for Editor in 0.58 ms, found 3 plugins.
Preloading 0 native plugins for Editor in 0.00 ms.
Unloading 2116 Unused Serialized files (Serialized files now loaded: 0)
System memory in use before: 93.5 MB.
System memory in use after: 93.7 MB.

Unloading 14 unused Assets to reduce memory usage. Loaded Objects now: 2576.
Total: 4.265300 ms (FindLiveObjects: 0.270900 ms CreateObjectMapping: 0.060000 ms MarkObjects: 3.906900 ms  DeleteObjects: 0.025600 ms)

AssetImportParameters requested are different than current active one (requested -> active):
  custom:framework-win-MediaFoundation: 216162199b28c13a410421893ffa2e32 -> 
  custom:video-decoder-ogg-theora: a1e56fd34408186e4bbccfd4996cb3dc -> 
  custom:container-muxer-webm: aa71ff27fc2769a1b78a27578f13a17b -> 
  custom:container-demuxer-webm: 4f35f7cbe854078d1ac9338744f61a02 -> 
  custom:container-demuxer-ogg: 62fdf1f143b41e24485cea50d1cbac27 -> 
  custom:video-encoder-webm-vp8: eb34c28f22e8b96e1ab97ce403110664 -> 
  custom:video-decoder-webm-vp8: 9c59270c3fd7afecdb556c50c9e8de78 -> 
  custom:audio-decoder-ogg-vorbis: bf7c407c2cedff20999df2af8eb42d56 -> 
  custom:audio-encoder-webm-vorbis: bf7c407c2cedff20999df2af8eb42d56 -> 
========================================================================
Received Import Request.
  Time since last request: 689.180719 seconds.
  path: Assets/_WorkSpaces/WorkSpace_DV/Prefabs/Inventory.prefab
  artifactKey: Guid(7c75ab8d9e272b041a1b463d29d31443) Importer(815301076,1909f56bfc062723c751e8b465ee728b)
Start importing Assets/_WorkSpaces/WorkSpace_DV/Prefabs/Inventory.prefab using Guid(7c75ab8d9e272b041a1b463d29d31443) Importer(815301076,1909f56bfc062723c751e8b465ee728b)  -> (artifact id: 'f2d052646611621297adc01a7dd61700') in 0.041703 seconds 
  Import took 0.045962 seconds .

========================================================================
Received Import Request.
  Time since last request: 121.018056 seconds.
  path: Assets/_WorkSpaces/WorkSpace_DV/Prefabs/AdventureManager.prefab
  artifactKey: Guid(28ad55ccab04d744ca9fab237dd609b9) Importer(815301076,1909f56bfc062723c751e8b465ee728b)
Start importing Assets/_WorkSpaces/WorkSpace_DV/Prefabs/AdventureManager.prefab using Guid(28ad55ccab04d744ca9fab237dd609b9) Importer(815301076,1909f56bfc062723c751e8b465ee728b)  -> (artifact id: '38302efe4a90548f2772069647cc82c1') in 0.013877 seconds 
  Import took 0.019090 seconds .

========================================================================
Received Import Request.
  Time since last request: 0.010572 seconds.
  path: Assets/_WorkSpaces/WorkSpace_DV/Prefabs/AdventureManager.prefab
  artifactKey: Guid(28ad55ccab04d744ca9fab237dd609b9) Importer(815301076,1909f56bfc062723c751e8b465ee728b)
Start importing Assets/_WorkSpaces/WorkSpace_DV/Prefabs/AdventureManager.prefab using Guid(28ad55ccab04d744ca9fab237dd609b9) Importer(815301076,1909f56bfc062723c751e8b465ee728b)  -> (artifact id: '38302efe4a90548f2772069647cc82c1') in 0.006281 seconds 
  Import took 0.011074 seconds .

========================================================================
Received Import Request.
  Time since last request: 46.774845 seconds.
  path: Assets/_WorkSpaces/WorkSpace_DV/Scenes/Arbeitszimmer2.unity
  artifactKey: Guid(a0e28ae5afc1755429fa421abad297e5) Importer(815301076,1909f56bfc062723c751e8b465ee728b)
Start importing Assets/_WorkSpaces/WorkSpace_DV/Scenes/Arbeitszimmer2.unity using Guid(a0e28ae5afc1755429fa421abad297e5) Importer(815301076,1909f56bfc062723c751e8b465ee728b)  -> (artifact id: '88724043d56e9b1c3e6deab7bf01967c') in 0.008169 seconds 
  Import took 0.012288 seconds .

========================================================================
Received Import Request.
  Time since last request: 10.544780 seconds.
  path: Assets/_WorkSpaces/WorkSpace_DV/Scenes/Arbeitszimmer1.unity
  artifactKey: Guid(46549d8c8517948409781f02ec5fbb63) Importer(815301076,1909f56bfc062723c751e8b465ee728b)
Start importing Assets/_WorkSpaces/WorkSpace_DV/Scenes/Arbeitszimmer1.unity using Guid(46549d8c8517948409781f02ec5fbb63) Importer(815301076,1909f56bfc062723c751e8b465ee728b)  -> (artifact id: 'e5c747faad1abfbdbc77b795ecebd5f9') in 0.009384 seconds 
  Import took 0.013541 seconds .

========================================================================
Received Prepare
Registering precompiled user dll's ...
Registered in 0.003632 seconds.
Begin MonoManager ReloadAssembly
Native extension for WindowsStandalone target not found
Native extension for WebGL target not found
Refreshing native plugins compatible for Editor in 0.79 ms, found 3 plugins.
Preloading 0 native plugins for Editor in 0.00 ms.
Mono: successfully reloaded assembly
- Completed reload, in  1.373 seconds
Domain Reload Profiling:
	ReloadAssembly (1373ms)
		BeginReloadAssembly (154ms)
			ExecutionOrderSort (0ms)
			DisableScriptedObjects (9ms)
			BackupInstance (0ms)
			ReleaseScriptingObjects (0ms)
			CreateAndSetChildDomain (47ms)
		EndReloadAssembly (1126ms)
			LoadAssemblies (127ms)
			RebuildTransferFunctionScriptingTraits (0ms)
			SetupTypeCache (388ms)
			ReleaseScriptCaches (1ms)
			RebuildScriptCaches (56ms)
			SetupLoadedEditorAssemblies (419ms)
				LogAssemblyErrors (0ms)
				InitializePlatformSupportModulesInManaged (9ms)
				SetLoadedEditorAssemblies (1ms)
				RefreshPlugins (1ms)
				BeforeProcessingInitializeOnLoad (116ms)
				ProcessInitializeOnLoadAttributes (270ms)
				ProcessInitializeOnLoadMethodAttributes (7ms)
				AfterProcessingInitializeOnLoad (15ms)
				EditorAssembliesLoaded (0ms)
			ExecutionOrderSort2 (0ms)
			AwakeInstancesAfterBackupRestoration (14ms)
Platform modules already initialized, skipping
Refreshing native plugins compatible for Editor in 0.64 ms, found 3 plugins.
Preloading 0 native plugins for Editor in 0.00 ms.
Unloading 2116 Unused Serialized files (Serialized files now loaded: 0)
System memory in use before: 93.6 MB.
System memory in use after: 93.7 MB.

Unloading 14 unused Assets to reduce memory usage. Loaded Objects now: 2579.
Total: 4.620000 ms (FindLiveObjects: 0.291300 ms CreateObjectMapping: 0.076300 ms MarkObjects: 4.222600 ms  DeleteObjects: 0.028000 ms)

AssetImportParameters requested are different than current active one (requested -> active):
  custom:framework-win-MediaFoundation: 216162199b28c13a410421893ffa2e32 -> 
  custom:video-decoder-ogg-theora: a1e56fd34408186e4bbccfd4996cb3dc -> 
  custom:container-muxer-webm: aa71ff27fc2769a1b78a27578f13a17b -> 
  custom:container-demuxer-webm: 4f35f7cbe854078d1ac9338744f61a02 -> 
  custom:container-demuxer-ogg: 62fdf1f143b41e24485cea50d1cbac27 -> 
  custom:video-encoder-webm-vp8: eb34c28f22e8b96e1ab97ce403110664 -> 
  custom:video-decoder-webm-vp8: 9c59270c3fd7afecdb556c50c9e8de78 -> 
  custom:audio-decoder-ogg-vorbis: bf7c407c2cedff20999df2af8eb42d56 -> 
  custom:audio-encoder-webm-vorbis: bf7c407c2cedff20999df2af8eb42d56 -> 
========================================================================
Received Import Request.
  Time since last request: 50.223704 seconds.
  path: Assets/_WorkSpaces/WorkSpace_DV/Prefabs/Standard
  artifactKey: Guid(2feb7f038a6dbcf45beeb70d15341288) Importer(815301076,1909f56bfc062723c751e8b465ee728b)
Start importing Assets/_WorkSpaces/WorkSpace_DV/Prefabs/Standard using Guid(2feb7f038a6dbcf45beeb70d15341288) Importer(815301076,1909f56bfc062723c751e8b465ee728b)  -> (artifact id: '674d68c4ab712d5f863a48a064f0471e') in 0.012893 seconds 
  Import took 0.018045 seconds .

========================================================================
Received Import Request.
  Time since last request: 161.587481 seconds.
  path: Assets/_WorkSpaces/WorkSpace_DV/Prefabs/Navigation
  artifactKey: Guid(372bbb850cebe994baf8afdc9160c029) Importer(815301076,1909f56bfc062723c751e8b465ee728b)
Start importing Assets/_WorkSpaces/WorkSpace_DV/Prefabs/Navigation using Guid(372bbb850cebe994baf8afdc9160c029) Importer(815301076,1909f56bfc062723c751e8b465ee728b)  -> (artifact id: 'daf0167dfbf87b353e1a36151977c98b') in 0.008234 seconds 
  Import took 0.013509 seconds .

========================================================================
Received Import Request.
  Time since last request: 25.766739 seconds.
  path: Assets/_WorkSpaces/WorkSpace_DV/Scenes/Arbeitszimmer2.unity
  artifactKey: Guid(a0e28ae5afc1755429fa421abad297e5) Importer(815301076,1909f56bfc062723c751e8b465ee728b)
Start importing Assets/_WorkSpaces/WorkSpace_DV/Scenes/Arbeitszimmer2.unity using Guid(a0e28ae5afc1755429fa421abad297e5) Importer(815301076,1909f56bfc062723c751e8b465ee728b)  -> (artifact id: '9d4d55d5801bba672de78dbd1bd57dab') in 0.012671 seconds 
  Import took 0.017823 seconds .

========================================================================
Received Import Request.
  Time since last request: 302.825799 seconds.
  path: Assets/_WorkSpaces/WorkSpace_DV/Prefabs/Kessel Items/StinkesockeItem.prefab
  artifactKey: Guid(828a0c0131d96d44a94fbda6b54f6f77) Importer(815301076,1909f56bfc062723c751e8b465ee728b)
Start importing Assets/_WorkSpaces/WorkSpace_DV/Prefabs/Kessel Items/StinkesockeItem.prefab using Guid(828a0c0131d96d44a94fbda6b54f6f77) Importer(815301076,1909f56bfc062723c751e8b465ee728b)  -> (artifact id: '8af13d75204a2e504bcfb29ab340a0a6') in 0.097018 seconds 
  Import took 0.102102 seconds .

========================================================================
Received Import Request.
  Time since last request: 51.782346 seconds.
  path: Assets/_WorkSpaces/WorkSpace_DV/Prefabs/Kessel Items/Stinkesocke.prefab
  artifactKey: Guid(48da879fd8d38d04d934649a2ef2ca1a) Importer(815301076,1909f56bfc062723c751e8b465ee728b)
Start importing Assets/_WorkSpaces/WorkSpace_DV/Prefabs/Kessel Items/Stinkesocke.prefab using Guid(48da879fd8d38d04d934649a2ef2ca1a) Importer(815301076,1909f56bfc062723c751e8b465ee728b)  -> (artifact id: 'e73adfdf59eda043cb24b718faefec25') in 0.016662 seconds 
  Import took 0.020848 seconds .

========================================================================
Received Import Request.
  Time since last request: 0.019046 seconds.
  path: Assets/_WorkSpaces/WorkSpace_DV/Prefabs/Kessel Items/Stinkesocke.prefab
  artifactKey: Guid(48da879fd8d38d04d934649a2ef2ca1a) Importer(815301076,1909f56bfc062723c751e8b465ee728b)
Start importing Assets/_WorkSpaces/WorkSpace_DV/Prefabs/Kessel Items/Stinkesocke.prefab using Guid(48da879fd8d38d04d934649a2ef2ca1a) Importer(815301076,1909f56bfc062723c751e8b465ee728b)  -> (artifact id: 'e73adfdf59eda043cb24b718faefec25') in 0.010844 seconds 
  Import took 0.015129 seconds .

========================================================================
Received Import Request.
  Time since last request: 44.953023 seconds.
  path: Assets/_WorkSpaces/WorkSpace_DV/Scenes/Arbeitszimmer3.unity
  artifactKey: Guid(8840450aeebf2ac4bb51bf1ce55228e8) Importer(815301076,1909f56bfc062723c751e8b465ee728b)
Start importing Assets/_WorkSpaces/WorkSpace_DV/Scenes/Arbeitszimmer3.unity using Guid(8840450aeebf2ac4bb51bf1ce55228e8) Importer(815301076,1909f56bfc062723c751e8b465ee728b)  -> (artifact id: '69e54b7a0c146392a8c369ac74f0c4eb') in 0.008377 seconds 
  Import took 0.012561 seconds .

========================================================================
Received Import Request.
  Time since last request: 85.942341 seconds.
  path: Assets/_WorkSpaces/WorkSpace_DV/Prefabs/Kessel Items/KaugummiItem.prefab
  artifactKey: Guid(7400900e56367ff4fb56a68deca78c2e) Importer(815301076,1909f56bfc062723c751e8b465ee728b)
Start importing Assets/_WorkSpaces/WorkSpace_DV/Prefabs/Kessel Items/KaugummiItem.prefab using Guid(7400900e56367ff4fb56a68deca78c2e) Importer(815301076,1909f56bfc062723c751e8b465ee728b)  -> (artifact id: 'ed297af3ab83c58bc4feee59635bd544') in 0.018499 seconds 
  Import took 0.023310 seconds .

========================================================================
Received Import Request.
  Time since last request: 0.009124 seconds.
  path: Assets/_WorkSpaces/WorkSpace_DV/Prefabs/Kessel Items/KaugummiItem.prefab
  artifactKey: Guid(7400900e56367ff4fb56a68deca78c2e) Importer(815301076,1909f56bfc062723c751e8b465ee728b)
Start importing Assets/_WorkSpaces/WorkSpace_DV/Prefabs/Kessel Items/KaugummiItem.prefab using Guid(7400900e56367ff4fb56a68deca78c2e) Importer(815301076,1909f56bfc062723c751e8b465ee728b)  -> (artifact id: 'ed297af3ab83c58bc4feee59635bd544') in 0.009461 seconds 
  Import took 0.013727 seconds .

========================================================================
Received Import Request.
  Time since last request: 14.793730 seconds.
  path: Assets/_WorkSpaces/WorkSpace_DV/Prefabs/Kessel Items/Kaugummi.prefab
  artifactKey: Guid(7e2129a39d1eb1b409884599dd897178) Importer(815301076,1909f56bfc062723c751e8b465ee728b)
Start importing Assets/_WorkSpaces/WorkSpace_DV/Prefabs/Kessel Items/Kaugummi.prefab using Guid(7e2129a39d1eb1b409884599dd897178) Importer(815301076,1909f56bfc062723c751e8b465ee728b)  -> (artifact id: 'bf4206e6f188811ebaca0d00133b5c02') in 0.015434 seconds 
  Import took 0.019717 seconds .

========================================================================
Received Import Request.
  Time since last request: 0.019117 seconds.
  path: Assets/_WorkSpaces/WorkSpace_DV/Prefabs/Kessel Items/Kaugummi.prefab
  artifactKey: Guid(7e2129a39d1eb1b409884599dd897178) Importer(815301076,1909f56bfc062723c751e8b465ee728b)
Start importing Assets/_WorkSpaces/WorkSpace_DV/Prefabs/Kessel Items/Kaugummi.prefab using Guid(7e2129a39d1eb1b409884599dd897178) Importer(815301076,1909f56bfc062723c751e8b465ee728b)  -> (artifact id: 'bf4206e6f188811ebaca0d00133b5c02') in 0.010397 seconds 
  Import took 0.014655 seconds .

========================================================================
Received Import Request.
  Time since last request: 33.107328 seconds.
  path: Assets/_WorkSpaces/WorkSpace_DV/Scenes/Arbeitszimmer4.unity
  artifactKey: Guid(c1c87618e5dc04c409ca6e3d75c9150f) Importer(815301076,1909f56bfc062723c751e8b465ee728b)
Start importing Assets/_WorkSpaces/WorkSpace_DV/Scenes/Arbeitszimmer4.unity using Guid(c1c87618e5dc04c409ca6e3d75c9150f) Importer(815301076,1909f56bfc062723c751e8b465ee728b)  -> (artifact id: '4d31fedf7ed63ddd207c2580b0c8f908') in 0.009297 seconds 
  Import took 0.013647 seconds .

========================================================================
Received Import Request.
  Time since last request: 41.541406 seconds.
  path: Assets/_WorkSpaces/WorkSpace_DV/Prefabs/Kessel Items/Ehering.prefab
  artifactKey: Guid(8c274511101abb241a7b15e706199c67) Importer(815301076,1909f56bfc062723c751e8b465ee728b)
Start importing Assets/_WorkSpaces/WorkSpace_DV/Prefabs/Kessel Items/Ehering.prefab using Guid(8c274511101abb241a7b15e706199c67) Importer(815301076,1909f56bfc062723c751e8b465ee728b)  -> (artifact id: 'a14cd6562aa6f862eb324007420cc2b2') in 0.016110 seconds 
  Import took 0.020789 seconds .

========================================================================
Received Import Request.
  Time since last request: 0.019484 seconds.
  path: Assets/_WorkSpaces/WorkSpace_DV/Prefabs/Kessel Items/Ehering.prefab
  artifactKey: Guid(8c274511101abb241a7b15e706199c67) Importer(815301076,1909f56bfc062723c751e8b465ee728b)
Start importing Assets/_WorkSpaces/WorkSpace_DV/Prefabs/Kessel Items/Ehering.prefab using Guid(8c274511101abb241a7b15e706199c67) Importer(815301076,1909f56bfc062723c751e8b465ee728b)  -> (artifact id: 'a14cd6562aa6f862eb324007420cc2b2') in 0.010248 seconds 
  Import took 0.014617 seconds .

========================================================================
Received Import Request.
  Time since last request: 40.982464 seconds.
  path: Assets/_WorkSpaces/WorkSpace_DV/Prefabs/Kessel Items/BaldrianItem 1.prefab
  artifactKey: Guid(d1a414f15f1ba1f469f46d4ecb243c3f) Importer(815301076,1909f56bfc062723c751e8b465ee728b)
Start importing Assets/_WorkSpaces/WorkSpace_DV/Prefabs/Kessel Items/BaldrianItem 1.prefab using Guid(d1a414f15f1ba1f469f46d4ecb243c3f) Importer(815301076,1909f56bfc062723c751e8b465ee728b)  -> (artifact id: '79ce7cb0d5348e31f47f00e1eab20afc') in 0.014417 seconds 
  Import took 0.019547 seconds .

========================================================================
Received Import Request.
  Time since last request: 0.011464 seconds.
  path: Assets/_WorkSpaces/WorkSpace_DV/Prefabs/Kessel Items/BaldrianItem 1.prefab
  artifactKey: Guid(d1a414f15f1ba1f469f46d4ecb243c3f) Importer(815301076,1909f56bfc062723c751e8b465ee728b)
Start importing Assets/_WorkSpaces/WorkSpace_DV/Prefabs/Kessel Items/BaldrianItem 1.prefab using Guid(d1a414f15f1ba1f469f46d4ecb243c3f) Importer(815301076,1909f56bfc062723c751e8b465ee728b)  -> (artifact id: '79ce7cb0d5348e31f47f00e1eab20afc') in 0.009747 seconds 
  Import took 0.014242 seconds .

